0 info it worked if it ends with ok
1 verbose cli [ '/usr/bin/nodejs', '/usr/bin/npm', 'install', 'dotenv' ]
2 info using npm@1.3.10
3 info using node@v0.10.25
4 warn package.json warbler-server@0.0.0 No repository field.
5 warn package.json warbler-server@0.0.0 No README data
6 verbose readDependencies using package.json deps
7 verbose cache add [ 'dotenv', null ]
8 verbose cache add name=undefined spec="dotenv" args=["dotenv",null]
9 verbose parsed url { protocol: null,
9 verbose parsed url   slashes: null,
9 verbose parsed url   auth: null,
9 verbose parsed url   host: null,
9 verbose parsed url   port: null,
9 verbose parsed url   hostname: null,
9 verbose parsed url   hash: null,
9 verbose parsed url   search: null,
9 verbose parsed url   query: null,
9 verbose parsed url   pathname: 'dotenv',
9 verbose parsed url   path: 'dotenv',
9 verbose parsed url   href: 'dotenv' }
10 silly lockFile 4de95cba-dotenv dotenv
11 verbose lock dotenv /home/blederma/.npm/4de95cba-dotenv.lock
12 silly lockFile 4de95cba-dotenv dotenv
13 silly lockFile 4de95cba-dotenv dotenv
14 verbose addNamed [ 'dotenv', '' ]
15 verbose addNamed [ null, '*' ]
16 silly lockFile 5104247f-dotenv dotenv@
17 verbose lock dotenv@ /home/blederma/.npm/5104247f-dotenv.lock
18 silly addNameRange { name: 'dotenv', range: '*', hasData: false }
19 verbose url raw dotenv
20 verbose url resolving [ 'https://registry.npmjs.org/', './dotenv' ]
21 verbose url resolved https://registry.npmjs.org/dotenv
22 info trying registry request attempt 1 at 15:55:02
23 http GET https://registry.npmjs.org/dotenv
24 info retry will retry, error on last attempt: Error: CERT_UNTRUSTED
25 info trying registry request attempt 2 at 15:55:13
26 http GET https://registry.npmjs.org/dotenv
27 info retry will retry, error on last attempt: Error: CERT_UNTRUSTED
28 info trying registry request attempt 3 at 15:56:18
29 http GET https://registry.npmjs.org/dotenv
30 silly lockFile 5104247f-dotenv dotenv@
31 silly lockFile 5104247f-dotenv dotenv@
32 error Error: CERT_UNTRUSTED
32 error     at SecurePair.<anonymous> (tls.js:1370:32)
32 error     at SecurePair.EventEmitter.emit (events.js:92:17)
32 error     at SecurePair.maybeInitFinished (tls.js:982:10)
32 error     at CleartextStream.read [as _read] (tls.js:469:13)
32 error     at CleartextStream.Readable.read (_stream_readable.js:320:10)
32 error     at EncryptedStream.write [as _write] (tls.js:366:25)
32 error     at doWrite (_stream_writable.js:223:10)
32 error     at writeOrBuffer (_stream_writable.js:213:5)
32 error     at EncryptedStream.Writable.write (_stream_writable.js:180:11)
32 error     at write (_stream_readable.js:583:24)
33 error If you need help, you may report this log at:
33 error     <http://github.com/isaacs/npm/issues>
33 error or email it to:
33 error     <npm-@googlegroups.com>
34 error System Linux 4.4.0-18362-Microsoft
35 error command "/usr/bin/nodejs" "/usr/bin/npm" "install" "dotenv"
36 error cwd /mnt/c/Users/brian/Desktop/warbler/warbler-server
37 error node -v v0.10.25
38 error npm -v 1.3.10
39 verbose exit [ 1, true ]
